<?xml version="1.0" encoding="UTF-8"?>
<!-- Generated by org.testng.reporters.JUnitXMLReporter -->
<testsuite ignored="4" hostname="DESKTOP-M3ANAKJ" failures="1" tests="1" name="Default test" time="6.691" errors="0" timestamp="2024-03-26T15:26:52 AEDT">
  <testcase classname="com.weberp.qa.testcases.MainMenuPageTest" name="testMenuItems" time="0.355">
    <failure type="java.lang.AssertionError" message="Menu items do not match the expected list: Lists differ at element [8]: • Maintain Picking List != • Maintain Picking Lists expected [• Maintain Picking List] but found [• Maintain Picking Lists]">
      <![CDATA[java.lang.AssertionError: Menu items do not match the expected list: Lists differ at element [8]: • Maintain Picking List != • Maintain Picking Lists expected [• Maintain Picking List] but found [• Maintain Picking Lists]
at org.testng.Assert.fail(Assert.java:99)
at org.testng.Assert.failNotEquals(Assert.java:1037)
at org.testng.Assert.assertEqualsImpl(Assert.java:140)
at org.testng.Assert.assertEquals(Assert.java:1103)
at com.weberp.qa.testcases.MainMenuPageTest.testMenuItems(MainMenuPageTest.java:98)
at java.base/jdk.internal.reflect.NativeMethodAccessorImpl.invoke0(Native Method)
at java.base/jdk.internal.reflect.NativeMethodAccessorImpl.invoke(NativeMethodAccessorImpl.java:77)
at java.base/jdk.internal.reflect.DelegatingMethodAccessorImpl.invoke(DelegatingMethodAccessorImpl.java:43)
at java.base/java.lang.reflect.Method.invoke(Method.java:568)
at org.testng.internal.MethodInvocationHelper.invokeMethod(MethodInvocationHelper.java:133)
at org.testng.internal.TestInvoker.invokeMethod(TestInvoker.java:598)
at org.testng.internal.TestInvoker.invokeTestMethod(TestInvoker.java:173)
at org.testng.internal.MethodRunner.runInSequence(MethodRunner.java:46)
at org.testng.internal.TestInvoker$MethodInvocationAgent.invoke(TestInvoker.java:824)
at org.testng.internal.TestInvoker.invokeTestMethods(TestInvoker.java:146)
at org.testng.internal.TestMethodWorker.invokeTestMethods(TestMethodWorker.java:146)
at org.testng.internal.TestMethodWorker.run(TestMethodWorker.java:128)
at java.base/java.util.ArrayList.forEach(ArrayList.java:1511)
at org.testng.TestRunner.privateRun(TestRunner.java:794)
at org.testng.TestRunner.run(TestRunner.java:596)
at org.testng.SuiteRunner.runTest(SuiteRunner.java:377)
at org.testng.SuiteRunner.runSequentially(SuiteRunner.java:371)
at org.testng.SuiteRunner.privateRun(SuiteRunner.java:332)
at org.testng.SuiteRunner.run(SuiteRunner.java:276)
at org.testng.SuiteRunnerWorker.runSuite(SuiteRunnerWorker.java:53)
at org.testng.SuiteRunnerWorker.run(SuiteRunnerWorker.java:96)
at org.testng.TestNG.runSuitesSequentially(TestNG.java:1212)
at org.testng.TestNG.runSuitesLocally(TestNG.java:1134)
at org.testng.TestNG.runSuites(TestNG.java:1063)
at org.testng.TestNG.run(TestNG.java:1031)
at org.testng.remote.AbstractRemoteTestNG.run(AbstractRemoteTestNG.java:115)
at org.testng.remote.RemoteTestNG.initAndRun(RemoteTestNG.java:251)
at org.testng.remote.RemoteTestNG.main(RemoteTestNG.java:77)
]]>
    </failure>
  </testcase> <!-- testMenuItems -->
  <testcase classname="com.weberp.qa.testcases.MainMenuPageTest" name="verifyInquiriesReportItems" time="0.0">
    <ignored/>
  </testcase> <!-- verifyInquiriesReportItems -->
  <testcase classname="com.weberp.qa.testcases.MainMenuPageTest" name="verifyMainmenuItems" time="0.0">
    <ignored/>
  </testcase> <!-- verifyMainmenuItems -->
  <testcase classname="com.weberp.qa.testcases.MainMenuPageTest" name="verifyTranscationMenuItems" time="0.0">
    <ignored/>
  </testcase> <!-- verifyTranscationMenuItems -->
  <testcase classname="com.weberp.qa.testcases.MainMenuPageTest" name="verifyMaintenanaceItems" time="0.0">
    <ignored/>
  </testcase> <!-- verifyMaintenanaceItems -->
</testsuite> <!-- Default test -->
