<?xml version="1.0" encoding="UTF-8"?>
<!-- Generated by org.testng.reporters.JUnitXMLReporter -->
<testsuite ignored="1" hostname="DESKTOP-M3ANAKJ" failures="0" tests="1" name="Default test" time="5.427" errors="0" timestamp="2024-03-25T16:16:40 AEDT">
  <testcase classname="com.weberp.qa.testcases.MainMenuPageTest" name="verifyInquiriesReportItems" time="0.115"/>
  <testcase classname="com.weberp.qa.testcases.MainMenuPageTest" name="verifyTranscationMenuItems" time="0.0">
    <ignored/>
  </testcase> <!-- verifyTranscationMenuItems -->
</testsuite> <!-- Default test -->
