<?xml version="1.0" encoding="UTF-8"?>
<testng-results ignored="1" total="2" passed="1" failed="0" skipped="0">
  <reporter-output>
  </reporter-output>
  <suite started-at="2024-03-25T16:16:35 AEDT" name="Default suite" finished-at="2024-03-25T16:16:40 AEDT" duration-ms="5427">
    <groups>
    </groups>
    <test started-at="2024-03-25T16:16:35 AEDT" name="Default test" finished-at="2024-03-25T16:16:40 AEDT" duration-ms="5427">
      <class name="com.weberp.qa.testcases.MainMenuPageTest">
        <test-method is-config="true" signature="setUp()[pri:0, instance:com.weberp.qa.testcases.MainMenuPageTest@611889f4]" started-at="2024-03-25T16:16:35 AEDT" name="setUp" finished-at="2024-03-25T16:16:40 AEDT" duration-ms="4856" status="PASS">
          <reporter-output>
          </reporter-output>
        </test-method> <!-- setUp -->
        <test-method signature="verifyInquiriesReportItems()[pri:0, instance:com.weberp.qa.testcases.MainMenuPageTest@611889f4]" started-at="2024-03-25T16:16:40 AEDT" name="verifyInquiriesReportItems" finished-at="2024-03-25T16:16:40 AEDT" duration-ms="115" status="PASS">
          <reporter-output>
          </reporter-output>
        </test-method> <!-- verifyInquiriesReportItems -->
        <test-method is-config="true" signature="tearDown()[pri:0, instance:com.weberp.qa.testcases.MainMenuPageTest@611889f4]" started-at="2024-03-25T16:16:40 AEDT" name="tearDown" finished-at="2024-03-25T16:16:40 AEDT" duration-ms="388" status="PASS">
          <reporter-output>
          </reporter-output>
        </test-method> <!-- tearDown -->
      </class> <!-- com.weberp.qa.testcases.MainMenuPageTest -->
    </test> <!-- Default test -->
  </suite> <!-- Default suite -->
</testng-results>
